app/build/intermediates/manifest_merge_blame_file/debug/manifest-merger-blame-debug-report.txt
1<?xml version="1.0" encoding="utf-8"?>
2<manifest xmlns:android="http://schemas.android.com/apk/res/android"
3    package="com.digipro.formatoselectronicos"
4    android:versionCode="7163"
5    android:versionName="7.45.7163.E" >
6
7    <uses-sdk
8        android:minSdkVersion="21"
8-->src/main/AndroidManifest.xml
9        android:targetSdkVersion="29" />
9-->src/main/AndroidManifest.xml
10
11    <uses-permission
11-->[com.digipro.fesdkcore:elementos_anexo:0.4.45.0161.S] AndroidManifest.xml:11:5-62
12        android:name="android.permission.NFC"
12-->[com.digipro.fesdkcore:elementos_anexo:0.4.45.0161.S] AndroidManifest.xml:11:22-59
13        android:required="false" />
13-->[com.digipro.fesdkcore:core:0.4.45.0161.S] AndroidManifest.xml:95:9-33
14
15    <uses-feature
15-->[com.digipro.fesdkcore:elementos_huella:0.4.45.0161.S] AndroidManifest.xml:11:5-13:35
16        android:name="android.hardware.usb.host"
16-->[com.digipro.fesdkcore:elementos_huella:0.4.45.0161.S] AndroidManifest.xml:12:9-49
17        android:required="true" />
17-->[com.digipro.fesdkcore:elementos_huella:0.4.45.0161.S] AndroidManifest.xml:13:9-32
18
19    <uses-permission
19-->[com.digipro.fesdkcore:elementos_huella:0.4.45.0161.S] AndroidManifest.xml:15:5-67
20        android:name="android.permission.INTERNET"
20-->[com.digipro.fesdkcore:elementos_huella:0.4.45.0161.S] AndroidManifest.xml:15:22-64
21        android:required="false" />
21-->[com.digipro.fesdkcore:core:0.4.45.0161.S] AndroidManifest.xml:50:9-33
22    <uses-permission
22-->[com.digipro.fesdkcore:elementos_huella:0.4.45.0161.S] AndroidManifest.xml:16:5-79
23        android:name="android.permission.ACCESS_NETWORK_STATE"
23-->[com.digipro.fesdkcore:elementos_huella:0.4.45.0161.S] AndroidManifest.xml:16:22-76
24        android:required="false" />
24-->[com.digipro.fesdkcore:core:0.4.45.0161.S] AndroidManifest.xml:39:9-33
25    <uses-permission
25-->[com.digipro.fesdkcore:elementos_huella:0.4.45.0161.S] AndroidManifest.xml:17:5-66
26        android:name="android.permission.VIBRATE"
26-->[com.digipro.fesdkcore:elementos_huella:0.4.45.0161.S] AndroidManifest.xml:17:22-63
27        android:required="false" />
27-->[com.digipro.fesdkcore:core:0.4.45.0161.S] AndroidManifest.xml:83:9-33
28    <uses-permission
28-->[com.digipro.fesdkcore:elementos_huella:0.4.45.0161.S] AndroidManifest.xml:18:5-69
29        android:name="android.permission.FLASHLIGHT"
29-->[com.digipro.fesdkcore:elementos_huella:0.4.45.0161.S] AndroidManifest.xml:18:22-66
30        android:required="false" /> <!-- A crashing bug on CyanogenMod; without this, camera will crash -->
30-->[com.digipro.fesdkcore:core:0.4.45.0161.S] AndroidManifest.xml:86:9-33
31    <uses-permission android:name="android.permission.PREVENT_POWER_KEY" /> <!-- Camera permissions -->
31-->[com.digipro.fesdkcore:elementos_huella:0.4.45.0161.S] AndroidManifest.xml:19:5-76
31-->[com.digipro.fesdkcore:elementos_huella:0.4.45.0161.S] AndroidManifest.xml:19:22-73
32    <uses-permission
32-->[com.digipro.fesdkcore:elementos_huella:0.4.45.0161.S] AndroidManifest.xml:20:5-65
33        android:name="android.permission.CAMERA"
33-->[com.digipro.fesdkcore:elementos_huella:0.4.45.0161.S] AndroidManifest.xml:20:22-62
34        android:required="false" /> <!-- Camera features -->
34-->[com.digipro.fesdkcore:core:0.4.45.0161.S] AndroidManifest.xml:71:9-33
35    <uses-feature
35-->[com.digipro.fesdkcore:elementos_huella:0.4.45.0161.S] AndroidManifest.xml:21:5-23:35
36        android:name="android.hardware.camera"
36-->[com.digipro.fesdkcore:elementos_huella:0.4.45.0161.S] AndroidManifest.xml:22:9-47
37        android:required="true" />
37-->[com.digipro.fesdkcore:elementos_huella:0.4.45.0161.S] AndroidManifest.xml:23:9-32
38    <uses-feature
38-->[com.digipro.fesdkcore:elementos_huella:0.4.45.0161.S] AndroidManifest.xml:24:5-26:35
39        android:name="android.hardware.camera.autofocus"
39-->[com.digipro.fesdkcore:elementos_huella:0.4.45.0161.S] AndroidManifest.xml:25:9-57
40        android:required="true" />
40-->[com.digipro.fesdkcore:elementos_huella:0.4.45.0161.S] AndroidManifest.xml:26:9-32
41    <uses-feature
41-->[com.digipro.fesdkcore:elementos_huella:0.4.45.0161.S] AndroidManifest.xml:27:5-29:36
42        android:name="android.hardware.sensor.light"
42-->[com.digipro.fesdkcore:elementos_huella:0.4.45.0161.S] AndroidManifest.xml:28:9-53
43        android:required="false" />
43-->[com.digipro.fesdkcore:elementos_huella:0.4.45.0161.S] AndroidManifest.xml:29:9-33
44
45    <uses-permission
45-->[com.digipro.fesdkcore:elementos_huella:0.4.45.0161.S] AndroidManifest.xml:31:5-81
46        android:name="android.permission.WRITE_EXTERNAL_STORAGE"
46-->[com.digipro.fesdkcore:elementos_huella:0.4.45.0161.S] AndroidManifest.xml:31:22-78
47        android:required="false" />
47-->[com.digipro.fesdkcore:core:0.4.45.0161.S] AndroidManifest.xml:53:9-33
48    <uses-permission
48-->[com.digipro.fesdkcore:elementos_huella:0.4.45.0161.S] AndroidManifest.xml:32:5-80
49        android:name="android.permission.READ_EXTERNAL_STORAGE"
49-->[com.digipro.fesdkcore:elementos_huella:0.4.45.0161.S] AndroidManifest.xml:32:22-77
50        android:required="false" />
50-->[com.digipro.fesdkcore:core:0.4.45.0161.S] AndroidManifest.xml:56:9-33
51
52    <supports-screens
52-->[com.digipro.fesdkcore:core:0.4.45.0161.S] AndroidManifest.xml:11:5-16:39
53        android:anyDensity="true"
53-->[com.digipro.fesdkcore:core:0.4.45.0161.S] AndroidManifest.xml:12:9-34
54        android:largeScreens="true"
54-->[com.digipro.fesdkcore:core:0.4.45.0161.S] AndroidManifest.xml:13:9-36
55        android:normalScreens="true"
55-->[com.digipro.fesdkcore:core:0.4.45.0161.S] AndroidManifest.xml:14:9-37
56        android:resizeable="true"
56-->[com.digipro.fesdkcore:core:0.4.45.0161.S] AndroidManifest.xml:15:9-34
57        android:smallScreens="true" />
57-->[com.digipro.fesdkcore:core:0.4.45.0161.S] AndroidManifest.xml:16:9-36
58
59    <uses-feature
59-->[com.digipro.fesdkcore:core:0.4.45.0161.S] AndroidManifest.xml:24:5-26:36
60        android:name="android.hardware.location.gps"
60-->[com.digipro.fesdkcore:core:0.4.45.0161.S] AndroidManifest.xml:25:9-53
61        android:required="false" />
61-->[com.digipro.fesdkcore:core:0.4.45.0161.S] AndroidManifest.xml:26:9-33
62    <uses-feature
62-->[com.digipro.fesdkcore:core:0.4.45.0161.S] AndroidManifest.xml:30:5-32:36
63        android:glEsVersion="0x00020000"
63-->[com.digipro.fesdkcore:core:0.4.45.0161.S] AndroidManifest.xml:31:9-41
64        android:required="true" />
64-->[com.digipro.fesdkcore:core:0.4.45.0161.S] AndroidManifest.xml:32:9-33
65    <uses-feature
65-->[com.digipro.fesdkcore:core:0.4.45.0161.S] AndroidManifest.xml:33:5-35:36
66        android:name="android.hardware.nfc"
66-->[com.digipro.fesdkcore:core:0.4.45.0161.S] AndroidManifest.xml:34:9-44
67        android:required="false" />
67-->[com.digipro.fesdkcore:core:0.4.45.0161.S] AndroidManifest.xml:35:9-33
68
69    <uses-permission
69-->[com.digipro.fesdkcore:core:0.4.45.0161.S] AndroidManifest.xml:40:5-42:36
70        android:name="android.permission.ACCESS_WIFI_STATE"
70-->[com.digipro.fesdkcore:core:0.4.45.0161.S] AndroidManifest.xml:41:9-60
71        android:required="false" />
71-->[com.digipro.fesdkcore:core:0.4.45.0161.S] AndroidManifest.xml:42:9-33
72    <uses-permission
72-->[com.digipro.fesdkcore:core:0.4.45.0161.S] AndroidManifest.xml:57:5-59:36
73        android:name="android.permission.WRITE_INTERNAL_STORAGE"
73-->[com.digipro.fesdkcore:core:0.4.45.0161.S] AndroidManifest.xml:58:9-65
74        android:required="false" />
74-->[com.digipro.fesdkcore:core:0.4.45.0161.S] AndroidManifest.xml:59:9-33
75    <uses-permission
75-->[com.digipro.fesdkcore:core:0.4.45.0161.S] AndroidManifest.xml:60:5-62:36
76        android:name="com.google.android.providers.gsf.permission.READ_GSERVICES"
76-->[com.digipro.fesdkcore:core:0.4.45.0161.S] AndroidManifest.xml:61:9-82
77        android:required="false" />
77-->[com.digipro.fesdkcore:core:0.4.45.0161.S] AndroidManifest.xml:62:9-33
78    <uses-permission
78-->[com.digipro.fesdkcore:core:0.4.45.0161.S] AndroidManifest.xml:63:5-65:36
79        android:name="android.permission.ACCESS_COARSE_LOCATION"
79-->[com.digipro.fesdkcore:core:0.4.45.0161.S] AndroidManifest.xml:64:9-65
80        android:required="false" />
80-->[com.digipro.fesdkcore:core:0.4.45.0161.S] AndroidManifest.xml:65:9-33
81    <uses-permission
81-->[com.digipro.fesdkcore:core:0.4.45.0161.S] AndroidManifest.xml:66:5-68:36
82        android:name="android.permission.ACCESS_FINE_LOCATION"
82-->[com.digipro.fesdkcore:core:0.4.45.0161.S] AndroidManifest.xml:67:9-63
83        android:required="false" />
83-->[com.digipro.fesdkcore:core:0.4.45.0161.S] AndroidManifest.xml:68:9-33
84    <uses-permission
84-->[com.digipro.fesdkcore:core:0.4.45.0161.S] AndroidManifest.xml:72:5-74:36
85        android:name="android.permission.RECORD_AUDIO"
85-->[com.digipro.fesdkcore:core:0.4.45.0161.S] AndroidManifest.xml:73:9-55
86        android:required="false" />
86-->[com.digipro.fesdkcore:core:0.4.45.0161.S] AndroidManifest.xml:74:9-33
87    <uses-permission
87-->[com.digipro.fesdkcore:core:0.4.45.0161.S] AndroidManifest.xml:75:5-77:36
88        android:name="android.permission.RECORD_VIDEO"
88-->[com.digipro.fesdkcore:core:0.4.45.0161.S] AndroidManifest.xml:76:9-55
89        android:required="false" />
89-->[com.digipro.fesdkcore:core:0.4.45.0161.S] AndroidManifest.xml:77:9-33
90    <uses-permission
90-->[com.digipro.fesdkcore:core:0.4.45.0161.S] AndroidManifest.xml:78:5-80:36
91        android:name="android.permission.USB_PERMISSION"
91-->[com.digipro.fesdkcore:core:0.4.45.0161.S] AndroidManifest.xml:79:9-57
92        android:required="false" />
92-->[com.digipro.fesdkcore:core:0.4.45.0161.S] AndroidManifest.xml:80:9-33
93    <uses-permission
93-->[com.digipro.fesdkcore:core:0.4.45.0161.S] AndroidManifest.xml:87:5-89:36
94        android:name="android.permission.WAKE_LOCK"
94-->[com.digipro.fesdkcore:core:0.4.45.0161.S] AndroidManifest.xml:88:9-52
95        android:required="false" />
95-->[com.digipro.fesdkcore:core:0.4.45.0161.S] AndroidManifest.xml:89:9-33
96    <uses-permission
96-->[com.digipro.fesdkcore:core:0.4.45.0161.S] AndroidManifest.xml:90:5-92:36
97        android:name="android.permission.GET_ACCOUNTS"
97-->[com.digipro.fesdkcore:core:0.4.45.0161.S] AndroidManifest.xml:91:9-55
98        android:required="false" />
98-->[com.digipro.fesdkcore:core:0.4.45.0161.S] AndroidManifest.xml:92:9-33
99
100    <uses-feature
100-->[com.journeyapps:zxing-android-embedded:3.6.0] AndroidManifest.xml:28:5-30:36
101        android:name="android.hardware.camera.front"
101-->[com.journeyapps:zxing-android-embedded:3.6.0] AndroidManifest.xml:29:9-53
102        android:required="false" />
102-->[com.journeyapps:zxing-android-embedded:3.6.0] AndroidManifest.xml:30:9-33
103    <uses-feature
103-->[com.journeyapps:zxing-android-embedded:3.6.0] AndroidManifest.xml:36:5-38:36
104        android:name="android.hardware.camera.flash"
104-->[com.journeyapps:zxing-android-embedded:3.6.0] AndroidManifest.xml:37:9-53
105        android:required="false" />
105-->[com.journeyapps:zxing-android-embedded:3.6.0] AndroidManifest.xml:38:9-33
106    <uses-feature
106-->[com.journeyapps:zxing-android-embedded:3.6.0] AndroidManifest.xml:39:5-41:36
107        android:name="android.hardware.screen.landscape"
107-->[com.journeyapps:zxing-android-embedded:3.6.0] AndroidManifest.xml:40:9-57
108        android:required="false" />
108-->[com.journeyapps:zxing-android-embedded:3.6.0] AndroidManifest.xml:41:9-33
109    <uses-feature
109-->[com.journeyapps:zxing-android-embedded:3.6.0] AndroidManifest.xml:42:5-44:36
110        android:name="android.hardware.wifi"
110-->[com.journeyapps:zxing-android-embedded:3.6.0] AndroidManifest.xml:43:9-45
111        android:required="false" />
111-->[com.journeyapps:zxing-android-embedded:3.6.0] AndroidManifest.xml:44:9-33
112
113    <uses-permission android:name="com.google.android.gms.permission.ACTIVITY_RECOGNITION" />
113-->[io.nlopez.smartlocation:library:3.3.3] AndroidManifest.xml:16:5-94
113-->[io.nlopez.smartlocation:library:3.3.3] AndroidManifest.xml:16:22-91
114    <uses-permission android:name="android.permission.RECEIVE_BOOT_COMPLETED" />
114-->[android.arch.work:work-runtime:1.0.1] AndroidManifest.xml:25:5-81
114-->[android.arch.work:work-runtime:1.0.1] AndroidManifest.xml:25:22-78
115
116    <uses-feature
116-->[com.otaliastudios:cameraview:2.7.0] AndroidManifest.xml:30:5-32:36
117        android:name="android.hardware.microphone"
117-->[com.otaliastudios:cameraview:2.7.0] AndroidManifest.xml:31:9-51
118        android:required="false" /> <!-- for android -->
118-->[com.otaliastudios:cameraview:2.7.0] AndroidManifest.xml:32:9-33
119    <!-- <uses-permission android:name="com.android.launcher.permission.READ_SETTINGS"/> -->
120    <!-- <uses-permission android:name="com.android.launcher.permission.WRITE_SETTINGS"/> -->
121    <!-- <uses-permission android:name="com.android.launcher.permission.INSTALL_SHORTCUT" /> -->
122    <!-- <uses-permission android:name="com.android.launcher.permission.UNINSTALL_SHORTCUT" /> -->
123    <!-- for Samsung -->
124    <uses-permission android:name="com.sec.android.provider.badge.permission.READ" />
124-->[me.leolin:ShortcutBadger:1.1.22] AndroidManifest.xml:19:5-86
124-->[me.leolin:ShortcutBadger:1.1.22] AndroidManifest.xml:19:22-83
125    <uses-permission android:name="com.sec.android.provider.badge.permission.WRITE" /> <!-- for htc -->
125-->[me.leolin:ShortcutBadger:1.1.22] AndroidManifest.xml:20:5-87
125-->[me.leolin:ShortcutBadger:1.1.22] AndroidManifest.xml:20:22-84
126    <uses-permission android:name="com.htc.launcher.permission.READ_SETTINGS" />
126-->[me.leolin:ShortcutBadger:1.1.22] AndroidManifest.xml:23:5-81
126-->[me.leolin:ShortcutBadger:1.1.22] AndroidManifest.xml:23:22-78
127    <uses-permission android:name="com.htc.launcher.permission.UPDATE_SHORTCUT" /> <!-- for sony -->
127-->[me.leolin:ShortcutBadger:1.1.22] AndroidManifest.xml:24:5-83
127-->[me.leolin:ShortcutBadger:1.1.22] AndroidManifest.xml:24:22-80
128    <uses-permission android:name="com.sonyericsson.home.permission.BROADCAST_BADGE" />
128-->[me.leolin:ShortcutBadger:1.1.22] AndroidManifest.xml:27:5-88
128-->[me.leolin:ShortcutBadger:1.1.22] AndroidManifest.xml:27:22-85
129    <uses-permission android:name="com.sonymobile.home.permission.PROVIDER_INSERT_BADGE" /> <!-- for apex -->
129-->[me.leolin:ShortcutBadger:1.1.22] AndroidManifest.xml:28:5-92
129-->[me.leolin:ShortcutBadger:1.1.22] AndroidManifest.xml:28:22-89
130    <uses-permission android:name="com.anddoes.launcher.permission.UPDATE_COUNT" /> <!-- for solid -->
130-->[me.leolin:ShortcutBadger:1.1.22] AndroidManifest.xml:31:5-84
130-->[me.leolin:ShortcutBadger:1.1.22] AndroidManifest.xml:31:22-81
131    <uses-permission android:name="com.majeur.launcher.permission.UPDATE_BADGE" /> <!-- for huawei -->
131-->[me.leolin:ShortcutBadger:1.1.22] AndroidManifest.xml:34:5-83
131-->[me.leolin:ShortcutBadger:1.1.22] AndroidManifest.xml:34:22-80
132    <uses-permission android:name="com.huawei.android.launcher.permission.CHANGE_BADGE" />
132-->[me.leolin:ShortcutBadger:1.1.22] AndroidManifest.xml:37:5-91
132-->[me.leolin:ShortcutBadger:1.1.22] AndroidManifest.xml:37:22-88
133    <uses-permission android:name="com.huawei.android.launcher.permission.READ_SETTINGS" />
133-->[me.leolin:ShortcutBadger:1.1.22] AndroidManifest.xml:38:5-92
133-->[me.leolin:ShortcutBadger:1.1.22] AndroidManifest.xml:38:22-89
134    <uses-permission android:name="com.huawei.android.launcher.permission.WRITE_SETTINGS" /> <!-- for ZUK -->
134-->[me.leolin:ShortcutBadger:1.1.22] AndroidManifest.xml:39:5-93
134-->[me.leolin:ShortcutBadger:1.1.22] AndroidManifest.xml:39:22-90
135    <uses-permission android:name="android.permission.READ_APP_BADGE" /> <!-- for OPPO -->
135-->[me.leolin:ShortcutBadger:1.1.22] AndroidManifest.xml:42:5-73
135-->[me.leolin:ShortcutBadger:1.1.22] AndroidManifest.xml:42:22-70
136    <uses-permission android:name="com.oppo.launcher.permission.READ_SETTINGS" />
136-->[me.leolin:ShortcutBadger:1.1.22] AndroidManifest.xml:45:5-82
136-->[me.leolin:ShortcutBadger:1.1.22] AndroidManifest.xml:45:22-79
137    <uses-permission android:name="com.oppo.launcher.permission.WRITE_SETTINGS" /> <!-- for EvMe -->
137-->[me.leolin:ShortcutBadger:1.1.22] AndroidManifest.xml:46:5-83
137-->[me.leolin:ShortcutBadger:1.1.22] AndroidManifest.xml:46:22-80
138    <uses-permission android:name="me.everything.badger.permission.BADGE_COUNT_READ" />
138-->[me.leolin:ShortcutBadger:1.1.22] AndroidManifest.xml:49:5-88
138-->[me.leolin:ShortcutBadger:1.1.22] AndroidManifest.xml:49:22-85
139    <uses-permission android:name="me.everything.badger.permission.BADGE_COUNT_WRITE" /> <!-- 如果是安卓8.0，应用编译配置的targetSdkVersion>=26，请务必添加以下权限 -->
139-->[me.leolin:ShortcutBadger:1.1.22] AndroidManifest.xml:50:5-89
139-->[me.leolin:ShortcutBadger:1.1.22] AndroidManifest.xml:50:22-86
140    <uses-permission android:name="android.permission.REQUEST_INSTALL_PACKAGES" /> <!-- 应用市场9.0版本必须使用该权限获取用户的服务地 -->
140-->[com.huawei.hms:base:4.0.2.300] AndroidManifest.xml:16:5-83
140-->[com.huawei.hms:base:4.0.2.300] AndroidManifest.xml:16:22-80
141    <uses-permission android:name="com.huawei.appmarket.service.commondata.permission.GET_COMMON_DATA" /> <!-- Required by older versions of Google Play services to create IID tokens -->
141-->[com.huawei.hms:base:4.0.2.300] AndroidManifest.xml:18:5-106
141-->[com.huawei.hms:base:4.0.2.300] AndroidManifest.xml:18:22-103
142    <uses-permission android:name="com.google.android.c2dm.permission.RECEIVE" />
142-->[com.google.firebase:firebase-iid:20.1.5] AndroidManifest.xml:26:5-82
142-->[com.google.firebase:firebase-iid:20.1.5] AndroidManifest.xml:26:22-79
143    <uses-permission android:name="com.google.android.finsky.permission.BIND_GET_INSTALL_REFERRER_SERVICE" />
143-->[com.google.android.gms:play-services-measurement:17.2.1] AndroidManifest.xml:26:5-110
143-->[com.google.android.gms:play-services-measurement:17.2.1] AndroidManifest.xml:26:22-107
144
145    <application
145-->src/main/AndroidManifest.xml:5:5-22:19
146        android:name="com.example.pruebadigipro.App"
146-->src/main/AndroidManifest.xml:6:9-28
147        android:allowBackup="true"
147-->src/main/AndroidManifest.xml:7:9-35
148        android:appComponentFactory="androidx.core.app.CoreComponentFactory"
148-->[androidx.core:core:1.3.2] AndroidManifest.xml:24:18-86
149        android:debuggable="true"
150        android:extractNativeLibs="true"
150-->[com.digipro.fesdkcore:elementos_anexo:0.4.45.0161.S] AndroidManifest.xml:14:9-41
151        android:icon="@mipmap/ic_launcher"
151-->src/main/AndroidManifest.xml:8:9-43
152        android:label="@string/app_name"
152-->src/main/AndroidManifest.xml:9:9-41
153        android:largeHeap="true"
153-->[com.digipro.fesdkcore:core:0.4.45.0161.S] AndroidManifest.xml:99:9-33
154        android:networkSecurityConfig="@xml/network_security_config"
154-->[com.huawei.hms:ml-computer-vision-cloud:1.0.3.300] AndroidManifest.xml:11:18-78
155        android:requestLegacyExternalStorage="true"
155-->[com.digipro.fesdkcore:elementos_anexo:0.4.45.0161.S] AndroidManifest.xml:15:9-52
156        android:roundIcon="@mipmap/ic_launcher_round"
156-->src/main/AndroidManifest.xml:10:9-54
157        android:supportsRtl="true"
157-->src/main/AndroidManifest.xml:11:9-35
158        android:testOnly="true"
159        android:theme="@style/Theme.PruebaDigipro" >
159-->src/main/AndroidManifest.xml:12:9-51
160        <activity android:name="com.example.pruebadigipro.Expedientes" />
160-->src/main/AndroidManifest.xml:13:9-58
160-->src/main/AndroidManifest.xml:13:19-46
161        <activity android:name="com.example.pruebadigipro.Login" />
161-->src/main/AndroidManifest.xml:14:9-43
161-->src/main/AndroidManifest.xml:14:19-40
162        <activity android:name="com.example.pruebadigipro.MainActivity" >
162-->src/main/AndroidManifest.xml:15:9-21:20
162-->src/main/AndroidManifest.xml:15:19-47
163            <intent-filter>
163-->src/main/AndroidManifest.xml:16:13-20:29
164                <action android:name="android.intent.action.MAIN" />
164-->src/main/AndroidManifest.xml:17:17-69
164-->src/main/AndroidManifest.xml:17:25-66
165
166                <category android:name="android.intent.category.LAUNCHER" />
166-->src/main/AndroidManifest.xml:19:17-77
166-->src/main/AndroidManifest.xml:19:27-74
167            </intent-filter>
168        </activity>
169
170        <meta-data
170-->[com.digipro.fesdkcore:elementos_anexo:0.4.45.0161.S] AndroidManifest.xml:16:9-18:64
171            android:name="com.huawei.hms.ml.DEPENDENCY"
171-->[com.digipro.fesdkcore:elementos_anexo:0.4.45.0161.S] AndroidManifest.xml:17:13-56
172            android:value="object,ocr,face,label,icr,imgseg" />
172-->[com.digipro.fesdkcore:elementos_anexo:0.4.45.0161.S] AndroidManifest.xml:18:13-61
173
174        <activity
174-->[com.digipro.fesdkcore:elementos_huella:0.4.45.0161.S] AndroidManifest.xml:40:9-42:52
175            android:name="com.digipro.fesdkcore.activity.VeridiumSelectFingers"
175-->[com.digipro.fesdkcore:elementos_huella:0.4.45.0161.S] AndroidManifest.xml:41:13-80
176            android:screenOrientation="portrait" />
176-->[com.digipro.fesdkcore:elementos_huella:0.4.45.0161.S] AndroidManifest.xml:42:13-49
177        <activity
177-->[com.digipro.fesdkcore:elementos_huella:0.4.45.0161.S] AndroidManifest.xml:43:9-47:52
178            android:name="com.digipro.fesdkcore.activity.UniLectordeHuellas"
178-->[com.digipro.fesdkcore:elementos_huella:0.4.45.0161.S] AndroidManifest.xml:44:13-77
179            android:configChanges="orientation"
179-->[com.digipro.fesdkcore:elementos_huella:0.4.45.0161.S] AndroidManifest.xml:45:13-48
180            android:label="@string/Elemento_Leer_Huellas"
180-->[com.digipro.fesdkcore:elementos_huella:0.4.45.0161.S] AndroidManifest.xml:46:13-58
181            android:screenOrientation="portrait" />
181-->[com.digipro.fesdkcore:elementos_huella:0.4.45.0161.S] AndroidManifest.xml:47:13-49
182        <activity
182-->[com.digipro.fesdkcore:elementos_huella:0.4.45.0161.S] AndroidManifest.xml:48:9-51:40
183            android:name="com.digipro.fesdkcore.componentes.lectordehuellas.SelectFileFormatActivity"
183-->[com.digipro.fesdkcore:elementos_huella:0.4.45.0161.S] AndroidManifest.xml:49:13-102
184            android:configChanges="keyboardHidden|orientation|screenSize"
184-->[com.digipro.fesdkcore:elementos_huella:0.4.45.0161.S] AndroidManifest.xml:50:13-74
185            android:label="Cropping" />
185-->[com.digipro.fesdkcore:elementos_huella:0.4.45.0161.S] AndroidManifest.xml:51:13-37
186        <activity
186-->[com.digipro.fesdkcore:elementos_huella:0.4.45.0161.S] AndroidManifest.xml:52:9-55:40
187            android:name="com.digipro.fesdkcore.componentes.lectordehuellas.FtrScanDemoUsbHostActivity"
187-->[com.digipro.fesdkcore:elementos_huella:0.4.45.0161.S] AndroidManifest.xml:53:13-104
188            android:configChanges="keyboardHidden|orientation|screenSize"
188-->[com.digipro.fesdkcore:elementos_huella:0.4.45.0161.S] AndroidManifest.xml:54:13-74
189            android:label="Cropping" />
189-->[com.digipro.fesdkcore:elementos_huella:0.4.45.0161.S] AndroidManifest.xml:55:13-37
190
191        <meta-data
191-->[com.digipro.fesdkcore:elementos_huella:0.4.45.0161.S] AndroidManifest.xml:57:9-59:1428
192            android:name="com.veridiumid.sdk.LICENSE"
192-->[com.digipro.fesdkcore:elementos_huella:0.4.45.0161.S] AndroidManifest.xml:58:13-54
193            android:value="wuMbFjxl+ajAHQAIHPWnMd+5HH+LdXLVEvwagHYofYlqtdboZDlCLP4LaqNp8sOxvFlEfiMXrA14JFf7KNA8B3siZGV2aWNlRmluZ2VycHJpbnQiOiIybUFkUVhqUzhLUW5zS0xEQ0RmdkhJVGhnRUE2amxyeFpOYjl3NGpUb0ZVPSIsImxpY2Vuc2UiOiJ4QzMxYjJvVWNiQnpCZmtaS2RqeDFlRFczSnVicFFHeURBM3pPVldFSmtoMTFiM2EydjAxam82dndZUFRJMWJHMmdnK1JWNGIycHU1MEEvWmlSZ3hBbnNpZEhsd1pTSTZJbE5FU3lJc0ltNWhiV1VpT2lKVFJFc2lMQ0pzWVhOMFRXOWthV1pwWldRaU9qRTJNRGs1TmpRNE5qY3NJbU52YlhCaGJubE9ZVzFsSWpvaVJFbEhTVkJTVHlJc0ltTnZiblJoWTNSSmJtWnZJam9pUkVWV0lEUkdSU0JqYjIwdVpHbG5hWEJ5Ynk1dGIzWnBiQ3hqYjIwdVpHbG5hWEJ5Ynk1bWIzSnRZWFJ2YzJWc1pXTjBjbTl1YVdOdmN5SXNJbU52Ym5SaFkzUkZiV0ZwYkNJNkltaGxZM1J2Y20xQVpHbG5hWEJ5Ynk1amIyMHViWGdpTENKemRXSk1hV05sYm5OcGJtZFFkV0pzYVdOTFpYa2lPaUo2ZEc5SFkweFlPVE15T1RkVlowVk9hekJWUW5nM1RVbEpWRGg2YjBoRVFuSnlPRVJyUVcxR2FuTnJQU0lzSW5OMFlYSjBSR0YwWlNJNk1UVTRNRE0yTURRd01Dd2laWGh3YVhKaGRHbHZia1JoZEdVaU9qRTJNVGN4TmpNeU1EQXNJbWR5WVdObFJXNWtSR0YwWlNJNk1UWXhOelU1TlRJd01Dd2lkWE5wYm1kVFFVMU1WRzlyWlc0aU9tWmhiSE5sTENKMWMybHVaMFp5WldWU1FVUkpWVk1pT21aaGJITmxMQ0oxYzJsdVowRmpkR2wyWlVScGNtVmpkRzl5ZVNJNlptRnNjMlVzSW1KcGIyeHBZa1poWTJWRmVIQnZjblJGYm1GaWJHVmtJanBtWVd4elpTd2ljblZ1ZEdsdFpVVnVkbWx5YjI1dFpXNTBJanA3SW5ObGNuWmxjaUk2Wm1Gc2MyVXNJbVJsZG1salpWUnBaV1FpT21aaGJITmxmU3dpWlc1bWIzSmpaU0k2ZXlKd1lXTnJZV2RsVG1GdFpYTWlPbHNpWTI5dExtUnBaMmx3Y204dWJXOTJhV3dpTENKamIyMHVaR2xuYVhCeWJ5NW1iM0p0WVhSdmMyVnNaV04wY205dWFXTnZjeUpkTENKelpYSjJaWEpEWlhKMFNHRnphR1Z6SWpwYlhYMTkifQ==" />
193-->[com.digipro.fesdkcore:elementos_huella:0.4.45.0161.S] AndroidManifest.xml:59:13-1425
194        <meta-data
194-->[com.digipro.fesdkcore:elementos_huella:0.4.45.0161.S] AndroidManifest.xml:60:9-62:1492
195            android:name="com.veridiumid.sdk.fourf.LICENSE"
195-->[com.digipro.fesdkcore:elementos_huella:0.4.45.0161.S] AndroidManifest.xml:61:13-60
196            android:value="Q1TdYmTdly5KT2FxY3q836ik2k4orgGBVMZMszl7m6yMR6TVL4TTRE/0jOeAergbNQjeI/BlAg8XgHoqaLuRB3siZGV2aWNlRmluZ2VycHJpbnQiOiIybUFkUVhqUzhLUW5zS0xEQ0RmdkhJVGhnRUE2amxyeFpOYjl3NGpUb0ZVPSIsImxpY2Vuc2UiOiJtYzc0dytGYkRqaVV1ZHRoMjFHczdEM3ZBd1dWeHpuMnVlODAzTE5BQkVDaUFmUStIMmY0TG0wVkFJSy9tNDUvQUhWMUJ1OHhQeW9RZ2h2WjJBZTNDbnNpZEhsd1pTSTZJa0pKVDB4SlFsTWlMQ0p1WVcxbElqb2lORVlpTENKc1lYTjBUVzlrYVdacFpXUWlPakUyTURrNU5qUTROamN6T0RRc0ltTnZiWEJoYm5sT1lXMWxJam9pUkVsSFNWQlNUeUlzSW1OdmJuUmhZM1JKYm1adklqb2lSRVZXSURSR1JTQmpiMjB1WkdsbmFYQnlieTV0YjNacGJDeGpiMjB1WkdsbmFYQnlieTVtYjNKdFlYUnZjMlZzWldOMGNtOXVhV052Y3lJc0ltTnZiblJoWTNSRmJXRnBiQ0k2SW1obFkzUnZjbTFBWkdsbmFYQnlieTVqYjIwdWJYZ2lMQ0p6ZFdKTWFXTmxibk5wYm1kUWRXSnNhV05MWlhraU9pSjZkRzlIWTB4WU9UTXlPVGRWWjBWT2F6QlZRbmczVFVsSlZEaDZiMGhFUW5KeU9FUnJRVzFHYW5OclBTSXNJbk4wWVhKMFJHRjBaU0k2TVRVNE1ETTJNRFF3TURBd01Dd2laWGh3YVhKaGRHbHZia1JoZEdVaU9qRTJNVGN4TmpNeU1EQXdNREFzSW1keVlXTmxSVzVrUkdGMFpTSTZNVFl4TnpVNU5USXdNREF3TUN3aWRYTnBibWRUUVUxTVZHOXJaVzRpT21aaGJITmxMQ0oxYzJsdVowWnlaV1ZTUVVSSlZWTWlPbVpoYkhObExDSjFjMmx1WjBGamRHbDJaVVJwY21WamRHOXllU0k2Wm1Gc2MyVXNJbUpwYjJ4cFlrWmhZMlZGZUhCdmNuUkZibUZpYkdWa0lqcG1ZV3h6WlN3aWNuVnVkR2x0WlVWdWRtbHliMjV0Wlc1MElqcDdJbk5sY25abGNpSTZabUZzYzJVc0ltUmxkbWxqWlZScFpXUWlPbVpoYkhObGZTd2labVZoZEhWeVpYTWlPbnNpWW1GelpTSTZkSEoxWlN3aWMzUmxjbVZ2VEdsMlpXNWxjM01pT25SeWRXVXNJbVY0Y0c5eWRDSTZkSEoxWlgwc0ltVnVabTl5WTJWa1VISmxabVZ5Wlc1alpYTWlPbnNpYldGdVpHRjBiM0o1VEdsMlpXNWxjM01pT21aaGJITmxmU3dpZG1WeWMybHZiaUk2SWlvdUtpSjkifQ==" />
196-->[com.digipro.fesdkcore:elementos_huella:0.4.45.0161.S] AndroidManifest.xml:62:13-1489
197        <meta-data
197-->[com.digipro.fesdkcore:elementos_huella:0.4.45.0161.S] AndroidManifest.xml:63:9-65:77
198            android:name="com.veridiumid.sdk.CONFIG"
198-->[com.digipro.fesdkcore:elementos_huella:0.4.45.0161.S] AndroidManifest.xml:64:13-53
199            android:value="com.veridiumid.sdk.core.ManifestConfiguration" />
199-->[com.digipro.fesdkcore:elementos_huella:0.4.45.0161.S] AndroidManifest.xml:65:13-74
200
201        <activity
201-->[com.digipro.fesdkcore:elementos_huella:0.4.45.0161.S] AndroidManifest.xml:67:9-75:20
202            android:name="com.digipro.fesdkcore.activity.CustomFourFBiometricsActivity"
202-->[com.digipro.fesdkcore:elementos_huella:0.4.45.0161.S] AndroidManifest.xml:68:13-88
203            android:configChanges="keyboardHidden|orientation|screenSize"
203-->[com.digipro.fesdkcore:elementos_huella:0.4.45.0161.S] AndroidManifest.xml:69:13-74
204            android:label="4 Fingers"
204-->[com.digipro.fesdkcore:elementos_huella:0.4.45.0161.S] AndroidManifest.xml:70:13-38
205            android:screenOrientation="portrait" >
205-->[com.digipro.fesdkcore:elementos_huella:0.4.45.0161.S] AndroidManifest.xml:71:13-49
206            <meta-data
206-->[com.digipro.fesdkcore:elementos_huella:0.4.45.0161.S] AndroidManifest.xml:72:13-74:107
207                android:name="com.veridiumid.sdk.component.config"
207-->[com.digipro.fesdkcore:elementos_huella:0.4.45.0161.S] AndroidManifest.xml:73:17-67
208                android:value="uid=4F,optional=false,validator=com.veridiumid.sdk.fourf.FourFValidator" />
208-->[com.digipro.fesdkcore:elementos_huella:0.4.45.0161.S] AndroidManifest.xml:74:17-104
209        </activity> <!-- version Veridium 4.0.1 -->
210        <!-- <activity -->
211        <!-- android:name="com.digipro.fesdkcore.activity.CustomFourFBiometricsActivity" -->
212        <!-- android:configChanges="keyboardHidden|orientation|screenSize" -->
213        <!-- android:label="4Veridum"> -->
214        <!-- <meta-data -->
215        <!-- android:name="com.veridiumid.sdk.component.config" -->
216        <!-- android:value="uid=4E,optional=false,validator=com.veridiumid.sdk.fourfexport.FourFExportValidator" /> -->
217        <!-- </activity> -->
218        <activity
218-->[com.digipro.fesdkcore:elementos_huella:0.4.45.0161.S] AndroidManifest.xml:91:9-95:20
219            android:name="com.veridiumid.sdk.activities.BiometricsAggregateActivity"
219-->[com.digipro.fesdkcore:elementos_huella:0.4.45.0161.S] AndroidManifest.xml:92:13-85
220            android:label="BiometricsAggregate"
220-->[com.digipro.fesdkcore:elementos_huella:0.4.45.0161.S] AndroidManifest.xml:93:13-48
221            android:screenOrientation="portrait" >
221-->[com.digipro.fesdkcore:elementos_huella:0.4.45.0161.S] AndroidManifest.xml:94:13-49
222        </activity>
223        <activity android:name="com.digipro.fesdkcore.activity.WebDetail" />
223-->[com.digipro.fesdkcore:core:0.4.45.0161.S] AndroidManifest.xml:102:9-77